[0.009s] Invoking command in '/home/el-system/teleop/build/drone-teleop': CMAKE_PREFIX_PATH=${CMAKE_PREFIX_PATH}:/opt/ros/foxy /usr/bin/cmake --build /home/el-system/teleop/build/drone-teleop -- -j12 -l12
[0.026s] -- Found ament_cmake: 0.9.12 (/opt/ros/foxy/share/ament_cmake/cmake)
[0.043s] -- Using PYTHON_EXECUTABLE: /usr/bin/python3
[0.159s] -- Found rclcpp: 2.4.3 (/opt/ros/foxy/share/rclcpp/cmake)
[0.182s] -- Using all available rosidl_typesupport_c: rosidl_typesupport_fastrtps_c;rosidl_typesupport_introspection_c
[0.184s] -- Found rosidl_adapter: 1.3.1 (/opt/ros/foxy/share/rosidl_adapter/cmake)
[0.266s] -- Using all available rosidl_typesupport_cpp: rosidl_typesupport_fastrtps_cpp;rosidl_typesupport_introspection_cpp
[0.298s] -- Found rmw_implementation_cmake: 1.0.4 (/opt/ros/foxy/share/rmw_implementation_cmake/cmake)
[0.299s] -- Using RMW implementation 'rmw_fastrtps_cpp' as default
[0.395s] -- Found geometry_msgs: 2.0.5 (/opt/ros/foxy/share/geometry_msgs/cmake)
[0.417s] -- Found mavros_msgs: 2.4.0 (/opt/ros/foxy/share/mavros_msgs/cmake)
[0.748s] -- Found ament_lint_auto: 0.9.8 (/opt/ros/foxy/share/ament_lint_auto/cmake)
[0.789s] -- Added test 'copyright' to check source files copyright and LICENSE
[0.790s] -- Added test 'cppcheck' to perform static code analysis on C / C++ code
[0.790s] -- Configured cppcheck include dirs: 
[0.790s] -- Configured cppcheck exclude dirs and/or files: 
[0.790s] -- Added test 'cpplint' to check C / C++ code against the Google style
[0.790s] -- Configured cpplint exclude dirs and/or files: 
[0.791s] -- Added test 'lint_cmake' to check CMake code style
[0.791s] -- Added test 'uncrustify' to check C / C++ code style
[0.791s] -- Configured uncrustify additional arguments: 
[0.792s] -- Added test 'xmllint' to check XML markup files
[0.793s] -- Configuring done
[0.799s] -- Generating done
[0.802s] -- Build files have been written to: /home/el-system/teleop/build/drone-teleop
[0.834s] [100%] Built target control
[0.844s] Invoked command in '/home/el-system/teleop/build/drone-teleop' returned '0': CMAKE_PREFIX_PATH=${CMAKE_PREFIX_PATH}:/opt/ros/foxy /usr/bin/cmake --build /home/el-system/teleop/build/drone-teleop -- -j12 -l12
[0.851s] Invoking command in '/home/el-system/teleop/build/drone-teleop': CMAKE_PREFIX_PATH=${CMAKE_PREFIX_PATH}:/opt/ros/foxy /usr/bin/cmake --install /home/el-system/teleop/build/drone-teleop
[0.857s] -- Install configuration: ""
[0.857s] -- Up-to-date: /home/el-system/teleop/install/drone-teleop/lib/drone-teleop/control
[0.857s] -- Up-to-date: /home/el-system/teleop/install/drone-teleop/share/ament_index/resource_index/package_run_dependencies/drone-teleop
[0.857s] -- Up-to-date: /home/el-system/teleop/install/drone-teleop/share/ament_index/resource_index/parent_prefix_path/drone-teleop
[0.858s] -- Up-to-date: /home/el-system/teleop/install/drone-teleop/share/drone-teleop/environment/ament_prefix_path.sh
[0.858s] -- Installing: /home/el-system/teleop/install/drone-teleop/share/drone-teleop/environment/ament_prefix_path.dsv
[0.858s] -- Up-to-date: /home/el-system/teleop/install/drone-teleop/share/drone-teleop/environment/path.sh
[0.858s] -- Installing: /home/el-system/teleop/install/drone-teleop/share/drone-teleop/environment/path.dsv
[0.858s] -- Up-to-date: /home/el-system/teleop/install/drone-teleop/share/drone-teleop/local_setup.bash
[0.858s] -- Up-to-date: /home/el-system/teleop/install/drone-teleop/share/drone-teleop/local_setup.sh
[0.858s] -- Up-to-date: /home/el-system/teleop/install/drone-teleop/share/drone-teleop/local_setup.zsh
[0.859s] -- Installing: /home/el-system/teleop/install/drone-teleop/share/drone-teleop/local_setup.dsv
[0.859s] -- Installing: /home/el-system/teleop/install/drone-teleop/share/drone-teleop/package.dsv
[0.859s] -- Up-to-date: /home/el-system/teleop/install/drone-teleop/share/ament_index/resource_index/packages/drone-teleop
[0.860s] -- Up-to-date: /home/el-system/teleop/install/drone-teleop/share/drone-teleop/cmake/drone-teleopConfig.cmake
[0.860s] -- Up-to-date: /home/el-system/teleop/install/drone-teleop/share/drone-teleop/cmake/drone-teleopConfig-version.cmake
[0.860s] -- Up-to-date: /home/el-system/teleop/install/drone-teleop/share/drone-teleop/package.xml
[0.860s] Invoked command in '/home/el-system/teleop/build/drone-teleop' returned '0': CMAKE_PREFIX_PATH=${CMAKE_PREFIX_PATH}:/opt/ros/foxy /usr/bin/cmake --install /home/el-system/teleop/build/drone-teleop
