[0.008s] Invoking command in '/home/el-system/teleop/build/drone-teleop': CMAKE_PREFIX_PATH=/opt/ros/foxy /usr/bin/cmake /home/el-system/teleop/src/drone-teleop -DCMAKE_INSTALL_PREFIX=/home/el-system/teleop/install/drone-teleop
[0.045s] -- The C compiler identification is GNU 9.4.0
[0.080s] -- The CXX compiler identification is GNU 9.4.0
[0.083s] -- Check for working C compiler: /usr/lib/ccache/cc
[0.136s] -- Check for working C compiler: /usr/lib/ccache/cc -- works
[0.137s] -- Detecting C compiler ABI info
[0.174s] -- Detecting C compiler ABI info - done
[0.188s] -- Detecting C compile features
[0.189s] -- Detecting C compile features - done
[0.190s] -- Check for working CXX compiler: /usr/lib/ccache/c++
[0.257s] -- Check for working CXX compiler: /usr/lib/ccache/c++ -- works
[0.258s] -- Detecting CXX compiler ABI info
[0.311s] -- Detecting CXX compiler ABI info - done
[0.319s] -- Detecting CXX compile features
[0.319s] -- Detecting CXX compile features - done
[0.321s] -- Found ament_cmake: 0.9.12 (/opt/ros/foxy/share/ament_cmake/cmake)
[0.337s] -- Found PythonInterp: /usr/bin/python3 (found suitable version "3.8.10", minimum required is "3") 
[0.337s] -- Using PYTHON_EXECUTABLE: /usr/bin/python3
[0.460s] -- Found rclcpp: 2.4.3 (/opt/ros/foxy/share/rclcpp/cmake)
[0.489s] -- Using all available rosidl_typesupport_c: rosidl_typesupport_fastrtps_c;rosidl_typesupport_introspection_c
[0.493s] -- Found rosidl_adapter: 1.3.1 (/opt/ros/foxy/share/rosidl_adapter/cmake)
[0.544s] -- Found OpenSSL: /usr/lib/x86_64-linux-gnu/libcrypto.so (found version "1.1.1f")  
[0.564s] -- Found FastRTPS: /opt/ros/foxy/include  
[0.614s] -- Using all available rosidl_typesupport_cpp: rosidl_typesupport_fastrtps_cpp;rosidl_typesupport_introspection_cpp
[0.651s] -- Found rmw_implementation_cmake: 1.0.4 (/opt/ros/foxy/share/rmw_implementation_cmake/cmake)
[0.652s] -- Using RMW implementation 'rmw_fastrtps_cpp' as default
[0.652s] -- Looking for pthread.h
[0.710s] -- Looking for pthread.h - found
[0.710s] -- Performing Test CMAKE_HAVE_LIBC_PTHREAD
[0.769s] -- Performing Test CMAKE_HAVE_LIBC_PTHREAD - Failed
[0.769s] -- Looking for pthread_create in pthreads
[0.799s] -- Looking for pthread_create in pthreads - not found
[0.799s] -- Looking for pthread_create in pthread
[0.834s] -- Looking for pthread_create in pthread - found
[0.835s] -- Found Threads: TRUE  
[0.936s] -- Found geometry_msgs: 2.0.5 (/opt/ros/foxy/share/geometry_msgs/cmake)
[0.959s] -- Found mavros_msgs: 2.4.0 (/opt/ros/foxy/share/mavros_msgs/cmake)
[1.291s] -- Found ament_lint_auto: 0.9.8 (/opt/ros/foxy/share/ament_lint_auto/cmake)
[1.338s] -- Added test 'copyright' to check source files copyright and LICENSE
[1.339s] -- Added test 'cppcheck' to perform static code analysis on C / C++ code
[1.339s] -- Configured cppcheck include dirs: 
[1.339s] -- Configured cppcheck exclude dirs and/or files: 
[1.339s] -- Added test 'cpplint' to check C / C++ code against the Google style
[1.339s] -- Configured cpplint exclude dirs and/or files: 
[1.340s] -- Added test 'lint_cmake' to check CMake code style
[1.340s] -- Added test 'uncrustify' to check C / C++ code style
[1.340s] -- Configured uncrustify additional arguments: 
[1.341s] -- Added test 'xmllint' to check XML markup files
[1.342s] -- Configuring done
[1.349s] -- Generating done
[1.352s] -- Build files have been written to: /home/el-system/teleop/build/drone-teleop
[1.358s] Invoked command in '/home/el-system/teleop/build/drone-teleop' returned '0': CMAKE_PREFIX_PATH=/opt/ros/foxy /usr/bin/cmake /home/el-system/teleop/src/drone-teleop -DCMAKE_INSTALL_PREFIX=/home/el-system/teleop/install/drone-teleop
[1.361s] Invoking command in '/home/el-system/teleop/build/drone-teleop': CMAKE_PREFIX_PATH=/opt/ros/foxy /usr/bin/cmake --build /home/el-system/teleop/build/drone-teleop -- -j12 -l12
[1.387s] [35m[1mScanning dependencies of target control[0m
[1.409s] [ 50%] [32mBuilding CXX object CMakeFiles/control.dir/src/control.cpp.o[0m
[5.642s] [100%] [32m[1mLinking CXX executable control[0m
[5.841s] [100%] Built target control
[5.851s] Invoked command in '/home/el-system/teleop/build/drone-teleop' returned '0': CMAKE_PREFIX_PATH=/opt/ros/foxy /usr/bin/cmake --build /home/el-system/teleop/build/drone-teleop -- -j12 -l12
[5.865s] Invoking command in '/home/el-system/teleop/build/drone-teleop': CMAKE_PREFIX_PATH=/opt/ros/foxy /usr/bin/cmake --install /home/el-system/teleop/build/drone-teleop
[5.871s] -- Install configuration: ""
[5.871s] -- Installing: /home/el-system/teleop/install/drone-teleop/share/ament_index/resource_index/package_run_dependencies/drone-teleop
[5.871s] -- Installing: /home/el-system/teleop/install/drone-teleop/share/ament_index/resource_index/parent_prefix_path/drone-teleop
[5.871s] -- Installing: /home/el-system/teleop/install/drone-teleop/share/drone-teleop/environment/ament_prefix_path.sh
[5.871s] -- Installing: /home/el-system/teleop/install/drone-teleop/share/drone-teleop/environment/ament_prefix_path.dsv
[5.872s] -- Installing: /home/el-system/teleop/install/drone-teleop/share/drone-teleop/environment/path.sh
[5.872s] -- Installing: /home/el-system/teleop/install/drone-teleop/share/drone-teleop/environment/path.dsv
[5.872s] -- Installing: /home/el-system/teleop/install/drone-teleop/share/drone-teleop/local_setup.bash
[5.872s] -- Installing: /home/el-system/teleop/install/drone-teleop/share/drone-teleop/local_setup.sh
[5.872s] -- Installing: /home/el-system/teleop/install/drone-teleop/share/drone-teleop/local_setup.zsh
[5.873s] -- Installing: /home/el-system/teleop/install/drone-teleop/share/drone-teleop/local_setup.dsv
[5.873s] -- Installing: /home/el-system/teleop/install/drone-teleop/share/drone-teleop/package.dsv
[5.874s] -- Installing: /home/el-system/teleop/install/drone-teleop/share/ament_index/resource_index/packages/drone-teleop
[5.874s] -- Installing: /home/el-system/teleop/install/drone-teleop/share/drone-teleop/cmake/drone-teleopConfig.cmake
[5.874s] -- Installing: /home/el-system/teleop/install/drone-teleop/share/drone-teleop/cmake/drone-teleopConfig-version.cmake
[5.874s] -- Installing: /home/el-system/teleop/install/drone-teleop/share/drone-teleop/package.xml
[5.874s] Invoked command in '/home/el-system/teleop/build/drone-teleop' returned '0': CMAKE_PREFIX_PATH=/opt/ros/foxy /usr/bin/cmake --install /home/el-system/teleop/build/drone-teleop
