[35m[1mScanning dependencies of target control[0m
[ 50%] [32mBuilding CXX object CMakeFiles/control.dir/src/control.cpp.o[0m
[100%] [32m[1mLinking CXX executable control[0m
[100%] Built target control
-- Install configuration: ""
-- Installing: /home/el-system/teleop/install/drone-teleop/lib/drone-teleop/control
-- Set runtime path of "/home/el-system/teleop/install/drone-teleop/lib/drone-teleop/control" to ""
-- Up-to-date: /home/el-system/teleop/install/drone-teleop/share/ament_index/resource_index/package_run_dependencies/drone-teleop
-- Up-to-date: /home/el-system/teleop/install/drone-teleop/share/ament_index/resource_index/parent_prefix_path/drone-teleop
-- Up-to-date: /home/el-system/teleop/install/drone-teleop/share/drone-teleop/environment/ament_prefix_path.sh
-- Up-to-date: /home/el-system/teleop/install/drone-teleop/share/drone-teleop/environment/ament_prefix_path.dsv
-- Up-to-date: /home/el-system/teleop/install/drone-teleop/share/drone-teleop/environment/path.sh
-- Up-to-date: /home/el-system/teleop/install/drone-teleop/share/drone-teleop/environment/path.dsv
-- Up-to-date: /home/el-system/teleop/install/drone-teleop/share/drone-teleop/local_setup.bash
-- Up-to-date: /home/el-system/teleop/install/drone-teleop/share/drone-teleop/local_setup.sh
-- Up-to-date: /home/el-system/teleop/install/drone-teleop/share/drone-teleop/local_setup.zsh
-- Up-to-date: /home/el-system/teleop/install/drone-teleop/share/drone-teleop/local_setup.dsv
-- Installing: /home/el-system/teleop/install/drone-teleop/share/drone-teleop/package.dsv
-- Up-to-date: /home/el-system/teleop/install/drone-teleop/share/ament_index/resource_index/packages/drone-teleop
-- Up-to-date: /home/el-system/teleop/install/drone-teleop/share/drone-teleop/cmake/drone-teleopConfig.cmake
-- Up-to-date: /home/el-system/teleop/install/drone-teleop/share/drone-teleop/cmake/drone-teleopConfig-version.cmake
-- Up-to-date: /home/el-system/teleop/install/drone-teleop/share/drone-teleop/package.xml
