[0.011s] Invoking command in '/home/el-system/teleop/build/drone-teleop': CMAKE_PREFIX_PATH=${CMAKE_PREFIX_PATH}:/home/el-system/teleop/install/drone-teleop:/home/el-system/teleop_launch/install/drone_teleop:/opt/ros/foxy /usr/bin/cmake --build /home/el-system/teleop/build/drone-teleop -- -j12 -l12
[0.049s] [35m[1mScanning dependencies of target control[0m
[0.070s] [ 50%] [32mBuilding CXX object CMakeFiles/control.dir/src/control.cpp.o[0m
[5.256s] [100%] [32m[1mLinking CXX executable control[0m
[5.509s] [100%] Built target control
[5.518s] Invoked command in '/home/el-system/teleop/build/drone-teleop' returned '0': CMAKE_PREFIX_PATH=${CMAKE_PREFIX_PATH}:/home/el-system/teleop/install/drone-teleop:/home/el-system/teleop_launch/install/drone_teleop:/opt/ros/foxy /usr/bin/cmake --build /home/el-system/teleop/build/drone-teleop -- -j12 -l12
[5.532s] Invoking command in '/home/el-system/teleop/build/drone-teleop': CMAKE_PREFIX_PATH=${CMAKE_PREFIX_PATH}:/home/el-system/teleop/install/drone-teleop:/home/el-system/teleop_launch/install/drone_teleop:/opt/ros/foxy /usr/bin/cmake --install /home/el-system/teleop/build/drone-teleop
[5.542s] -- Install configuration: ""
[5.542s] -- Installing: /home/el-system/teleop/install/drone-teleop/lib/drone-teleop/control
[5.544s] -- Set runtime path of "/home/el-system/teleop/install/drone-teleop/lib/drone-teleop/control" to ""
[5.544s] -- Up-to-date: /home/el-system/teleop/install/drone-teleop/share/ament_index/resource_index/package_run_dependencies/drone-teleop
[5.544s] -- Up-to-date: /home/el-system/teleop/install/drone-teleop/share/ament_index/resource_index/parent_prefix_path/drone-teleop
[5.544s] -- Up-to-date: /home/el-system/teleop/install/drone-teleop/share/drone-teleop/environment/ament_prefix_path.sh
[5.544s] -- Up-to-date: /home/el-system/teleop/install/drone-teleop/share/drone-teleop/environment/ament_prefix_path.dsv
[5.545s] -- Up-to-date: /home/el-system/teleop/install/drone-teleop/share/drone-teleop/environment/path.sh
[5.545s] -- Up-to-date: /home/el-system/teleop/install/drone-teleop/share/drone-teleop/environment/path.dsv
[5.545s] -- Up-to-date: /home/el-system/teleop/install/drone-teleop/share/drone-teleop/local_setup.bash
[5.545s] -- Up-to-date: /home/el-system/teleop/install/drone-teleop/share/drone-teleop/local_setup.sh
[5.545s] -- Up-to-date: /home/el-system/teleop/install/drone-teleop/share/drone-teleop/local_setup.zsh
[5.545s] -- Up-to-date: /home/el-system/teleop/install/drone-teleop/share/drone-teleop/local_setup.dsv
[5.545s] -- Up-to-date: /home/el-system/teleop/install/drone-teleop/share/drone-teleop/package.dsv
[5.546s] -- Up-to-date: /home/el-system/teleop/install/drone-teleop/share/ament_index/resource_index/packages/drone-teleop
[5.546s] -- Up-to-date: /home/el-system/teleop/install/drone-teleop/share/drone-teleop/cmake/drone-teleopConfig.cmake
[5.546s] -- Up-to-date: /home/el-system/teleop/install/drone-teleop/share/drone-teleop/cmake/drone-teleopConfig-version.cmake
[5.547s] -- Up-to-date: /home/el-system/teleop/install/drone-teleop/share/drone-teleop/package.xml
[5.547s] Invoked command in '/home/el-system/teleop/build/drone-teleop' returned '0': CMAKE_PREFIX_PATH=${CMAKE_PREFIX_PATH}:/home/el-system/teleop/install/drone-teleop:/home/el-system/teleop_launch/install/drone_teleop:/opt/ros/foxy /usr/bin/cmake --install /home/el-system/teleop/build/drone-teleop
