[0.019s] Invoking command in '/home/el-system/teleop/build/drone-teleop': CMAKE_PREFIX_PATH=${CMAKE_PREFIX_PATH}:/home/el-system/teleop_launch/install/drone_teleop:/opt/ros/foxy /usr/bin/cmake --build /home/el-system/teleop/build/drone-teleop -- -j12 -l12
[0.099s] [35m[1mScanning dependencies of target control[0m
[0.130s] [ 50%] [32mBuilding CXX object CMakeFiles/control.dir/src/control.cpp.o[0m
[5.710s] [100%] [32m[1mLinking CXX executable control[0m
[6.030s] [100%] Built target control
[6.041s] Invoked command in '/home/el-system/teleop/build/drone-teleop' returned '0': CMAKE_PREFIX_PATH=${CMAKE_PREFIX_PATH}:/home/el-system/teleop_launch/install/drone_teleop:/opt/ros/foxy /usr/bin/cmake --build /home/el-system/teleop/build/drone-teleop -- -j12 -l12
[6.051s] Invoking command in '/home/el-system/teleop/build/drone-teleop': CMAKE_PREFIX_PATH=${CMAKE_PREFIX_PATH}:/home/el-system/teleop_launch/install/drone_teleop:/opt/ros/foxy /usr/bin/cmake --install /home/el-system/teleop/build/drone-teleop
[6.060s] -- Install configuration: ""
[6.060s] -- Installing: /home/el-system/teleop/install/drone-teleop/lib/drone-teleop/control
[6.062s] -- Set runtime path of "/home/el-system/teleop/install/drone-teleop/lib/drone-teleop/control" to ""
[6.062s] -- Up-to-date: /home/el-system/teleop/install/drone-teleop/share/ament_index/resource_index/package_run_dependencies/drone-teleop
[6.062s] -- Up-to-date: /home/el-system/teleop/install/drone-teleop/share/ament_index/resource_index/parent_prefix_path/drone-teleop
[6.062s] -- Up-to-date: /home/el-system/teleop/install/drone-teleop/share/drone-teleop/environment/ament_prefix_path.sh
[6.062s] -- Up-to-date: /home/el-system/teleop/install/drone-teleop/share/drone-teleop/environment/ament_prefix_path.dsv
[6.062s] -- Up-to-date: /home/el-system/teleop/install/drone-teleop/share/drone-teleop/environment/path.sh
[6.062s] -- Up-to-date: /home/el-system/teleop/install/drone-teleop/share/drone-teleop/environment/path.dsv
[6.062s] -- Up-to-date: /home/el-system/teleop/install/drone-teleop/share/drone-teleop/local_setup.bash
[6.062s] -- Up-to-date: /home/el-system/teleop/install/drone-teleop/share/drone-teleop/local_setup.sh
[6.062s] -- Up-to-date: /home/el-system/teleop/install/drone-teleop/share/drone-teleop/local_setup.zsh
[6.062s] -- Up-to-date: /home/el-system/teleop/install/drone-teleop/share/drone-teleop/local_setup.dsv
[6.062s] -- Installing: /home/el-system/teleop/install/drone-teleop/share/drone-teleop/package.dsv
[6.063s] -- Up-to-date: /home/el-system/teleop/install/drone-teleop/share/ament_index/resource_index/packages/drone-teleop
[6.063s] -- Up-to-date: /home/el-system/teleop/install/drone-teleop/share/drone-teleop/cmake/drone-teleopConfig.cmake
[6.063s] -- Up-to-date: /home/el-system/teleop/install/drone-teleop/share/drone-teleop/cmake/drone-teleopConfig-version.cmake
[6.063s] -- Up-to-date: /home/el-system/teleop/install/drone-teleop/share/drone-teleop/package.xml
[6.064s] Invoked command in '/home/el-system/teleop/build/drone-teleop' returned '0': CMAKE_PREFIX_PATH=${CMAKE_PREFIX_PATH}:/home/el-system/teleop_launch/install/drone_teleop:/opt/ros/foxy /usr/bin/cmake --install /home/el-system/teleop/build/drone-teleop
