[0.211s] DEBUG:colcon:Command line arguments: ['/usr/bin/colcon', 'build']
[0.211s] DEBUG:colcon:Parsed command line arguments: Namespace(allow_overriding=[], ament_cmake_args=None, base_paths=['.'], build_base='build', catkin_cmake_args=None, catkin_skip_building_tests=False, cmake_args=None, cmake_clean_cache=False, cmake_clean_first=False, cmake_force_configure=False, cmake_target=None, cmake_target_skip_unavailable=False, continue_on_error=False, event_handlers=None, executor='parallel', ignore_user_meta=False, install_base='install', log_base=None, log_level=None, main=<bound method BuildVerb.main of <colcon_core.verb.build.BuildVerb object at 0x7fea9bd548b0>>, merge_install=False, metas=['./colcon.meta'], mixin=None, mixin_files=None, mixin_verb=('build',), packages_above=None, packages_above_and_dependencies=None, packages_above_depth=None, packages_end=None, packages_ignore=None, packages_ignore_regex=None, packages_select=None, packages_select_build_failed=False, packages_select_by_dep=None, packages_select_regex=None, packages_select_test_failures=False, packages_skip=None, packages_skip_build_finished=False, packages_skip_by_dep=None, packages_skip_regex=None, packages_skip_test_passed=False, packages_skip_up_to=None, packages_start=None, packages_up_to=None, packages_up_to_regex=None, parallel_workers=12, paths=None, symlink_install=False, test_result_base=None, verb_extension=<colcon_core.verb.build.BuildVerb object at 0x7fea9bd548b0>, verb_name='build', verb_parser=<colcon_mixin.mixin.mixin_argument.MixinArgumentDecorator object at 0x7fea9bc9ce80>)
[0.263s] Level 1:colcon.colcon_core.package_discovery:discover_packages(colcon_meta) check parameters
[0.263s] Level 1:colcon.colcon_core.package_discovery:discover_packages(recursive) check parameters
[0.263s] Level 1:colcon.colcon_core.package_discovery:discover_packages(ignore) check parameters
[0.263s] Level 1:colcon.colcon_core.package_discovery:discover_packages(path) check parameters
[0.263s] Level 1:colcon.colcon_core.package_discovery:discover_packages(colcon_meta) discover
[0.263s] Level 1:colcon.colcon_core.package_discovery:discover_packages(recursive) discover
[0.263s] INFO:colcon.colcon_core.package_discovery:Crawling recursively for packages in '/home/el-system/teleop'
[0.263s] Level 1:colcon.colcon_core.package_identification:_identify(.) by extensions ['ignore', 'ignore_ament_install']
[0.264s] Level 1:colcon.colcon_core.package_identification:_identify(.) by extension 'ignore'
[0.264s] Level 1:colcon.colcon_core.package_identification:_identify(.) by extension 'ignore_ament_install'
[0.264s] Level 1:colcon.colcon_core.package_identification:_identify(.) by extensions ['colcon_pkg']
[0.264s] Level 1:colcon.colcon_core.package_identification:_identify(.) by extension 'colcon_pkg'
[0.264s] Level 1:colcon.colcon_core.package_identification:_identify(.) by extensions ['colcon_meta']
[0.264s] Level 1:colcon.colcon_core.package_identification:_identify(.) by extension 'colcon_meta'
[0.264s] Level 1:colcon.colcon_core.package_identification:_identify(.) by extensions ['ros']
[0.264s] Level 1:colcon.colcon_core.package_identification:_identify(.) by extension 'ros'
[0.276s] Level 1:colcon.colcon_core.package_identification:_identify(.) by extensions ['cmake', 'python']
[0.276s] Level 1:colcon.colcon_core.package_identification:_identify(.) by extension 'cmake'
[0.276s] Level 1:colcon.colcon_core.package_identification:_identify(.) by extension 'python'
[0.276s] Level 1:colcon.colcon_core.package_identification:_identify(.) by extensions ['python_setup_py']
[0.276s] Level 1:colcon.colcon_core.package_identification:_identify(.) by extension 'python_setup_py'
[0.276s] Level 1:colcon.colcon_core.package_identification:_identify(build) by extensions ['ignore', 'ignore_ament_install']
[0.276s] Level 1:colcon.colcon_core.package_identification:_identify(build) by extension 'ignore'
[0.277s] Level 1:colcon.colcon_core.package_identification:_identify(build) ignored
[0.277s] Level 1:colcon.colcon_core.package_identification:_identify(install) by extensions ['ignore', 'ignore_ament_install']
[0.277s] Level 1:colcon.colcon_core.package_identification:_identify(install) by extension 'ignore'
[0.277s] Level 1:colcon.colcon_core.package_identification:_identify(install) ignored
[0.277s] Level 1:colcon.colcon_core.package_identification:_identify(log) by extensions ['ignore', 'ignore_ament_install']
[0.277s] Level 1:colcon.colcon_core.package_identification:_identify(log) by extension 'ignore'
[0.277s] Level 1:colcon.colcon_core.package_identification:_identify(log) ignored
[0.277s] Level 1:colcon.colcon_core.package_identification:_identify(src) by extensions ['ignore', 'ignore_ament_install']
[0.277s] Level 1:colcon.colcon_core.package_identification:_identify(src) by extension 'ignore'
[0.277s] Level 1:colcon.colcon_core.package_identification:_identify(src) by extension 'ignore_ament_install'
[0.277s] Level 1:colcon.colcon_core.package_identification:_identify(src) by extensions ['colcon_pkg']
[0.277s] Level 1:colcon.colcon_core.package_identification:_identify(src) by extension 'colcon_pkg'
[0.277s] Level 1:colcon.colcon_core.package_identification:_identify(src) by extensions ['colcon_meta']
[0.277s] Level 1:colcon.colcon_core.package_identification:_identify(src) by extension 'colcon_meta'
[0.277s] Level 1:colcon.colcon_core.package_identification:_identify(src) by extensions ['ros']
[0.277s] Level 1:colcon.colcon_core.package_identification:_identify(src) by extension 'ros'
[0.277s] Level 1:colcon.colcon_core.package_identification:_identify(src) by extensions ['cmake', 'python']
[0.277s] Level 1:colcon.colcon_core.package_identification:_identify(src) by extension 'cmake'
[0.277s] Level 1:colcon.colcon_core.package_identification:_identify(src) by extension 'python'
[0.277s] Level 1:colcon.colcon_core.package_identification:_identify(src) by extensions ['python_setup_py']
[0.277s] Level 1:colcon.colcon_core.package_identification:_identify(src) by extension 'python_setup_py'
[0.277s] Level 1:colcon.colcon_core.package_identification:_identify(src/drone-teleop) by extensions ['ignore', 'ignore_ament_install']
[0.277s] Level 1:colcon.colcon_core.package_identification:_identify(src/drone-teleop) by extension 'ignore'
[0.277s] Level 1:colcon.colcon_core.package_identification:_identify(src/drone-teleop) by extension 'ignore_ament_install'
[0.277s] Level 1:colcon.colcon_core.package_identification:_identify(src/drone-teleop) by extensions ['colcon_pkg']
[0.277s] Level 1:colcon.colcon_core.package_identification:_identify(src/drone-teleop) by extension 'colcon_pkg'
[0.277s] Level 1:colcon.colcon_core.package_identification:_identify(src/drone-teleop) by extensions ['colcon_meta']
[0.277s] Level 1:colcon.colcon_core.package_identification:_identify(src/drone-teleop) by extension 'colcon_meta'
[0.277s] Level 1:colcon.colcon_core.package_identification:_identify(src/drone-teleop) by extensions ['ros']
[0.277s] Level 1:colcon.colcon_core.package_identification:_identify(src/drone-teleop) by extension 'ros'
[0.280s] DEBUG:colcon.colcon_core.package_identification:Package 'src/drone-teleop' with type 'ros.ament_cmake' and name 'drone-teleop'
[0.280s] Level 1:colcon.colcon_core.package_discovery:discover_packages(recursive) using defaults
[0.280s] Level 1:colcon.colcon_core.package_discovery:discover_packages(ignore) discover
[0.281s] Level 1:colcon.colcon_core.package_discovery:discover_packages(ignore) using defaults
[0.281s] Level 1:colcon.colcon_core.package_discovery:discover_packages(path) discover
[0.281s] Level 1:colcon.colcon_core.package_discovery:discover_packages(path) using defaults
[0.295s] Level 1:colcon.colcon_core.package_discovery:discover_packages(prefix_path) check parameters
[0.296s] Level 1:colcon.colcon_core.package_discovery:discover_packages(prefix_path) discover
[0.298s] DEBUG:colcon.colcon_installed_package_information.package_discovery:Found 1 installed packages in /home/el-system/teleop/install
[0.298s] DEBUG:colcon.colcon_installed_package_information.package_discovery:Found 1 installed packages in /home/el-system/teleop_launch/install
[0.298s] DEBUG:colcon.colcon_installed_package_information.package_discovery:Found 1 installed packages in /home/el-system/letter-L/install
[0.299s] DEBUG:colcon.colcon_installed_package_information.package_discovery:Found 2 installed packages in /home/el-system/launcher_l/install
[0.300s] DEBUG:colcon.colcon_installed_package_information.package_discovery:Found 277 installed packages in /opt/ros/foxy
[0.301s] Level 1:colcon.colcon_core.package_discovery:discover_packages(prefix_path) using defaults
[0.349s] Level 5:colcon.colcon_core.verb:set package 'drone-teleop' build argument 'cmake_args' from command line to 'None'
[0.349s] Level 5:colcon.colcon_core.verb:set package 'drone-teleop' build argument 'cmake_target' from command line to 'None'
[0.349s] Level 5:colcon.colcon_core.verb:set package 'drone-teleop' build argument 'cmake_target_skip_unavailable' from command line to 'False'
[0.349s] Level 5:colcon.colcon_core.verb:set package 'drone-teleop' build argument 'cmake_clean_cache' from command line to 'False'
[0.349s] Level 5:colcon.colcon_core.verb:set package 'drone-teleop' build argument 'cmake_clean_first' from command line to 'False'
[0.349s] Level 5:colcon.colcon_core.verb:set package 'drone-teleop' build argument 'cmake_force_configure' from command line to 'False'
[0.349s] Level 5:colcon.colcon_core.verb:set package 'drone-teleop' build argument 'ament_cmake_args' from command line to 'None'
[0.349s] Level 5:colcon.colcon_core.verb:set package 'drone-teleop' build argument 'catkin_cmake_args' from command line to 'None'
[0.349s] Level 5:colcon.colcon_core.verb:set package 'drone-teleop' build argument 'catkin_skip_building_tests' from command line to 'False'
[0.349s] DEBUG:colcon.colcon_core.verb:Building package 'drone-teleop' with the following arguments: {'ament_cmake_args': None, 'build_base': '/home/el-system/teleop/build/drone-teleop', 'catkin_cmake_args': None, 'catkin_skip_building_tests': False, 'cmake_args': None, 'cmake_clean_cache': False, 'cmake_clean_first': False, 'cmake_force_configure': False, 'cmake_target': None, 'cmake_target_skip_unavailable': False, 'install_base': '/home/el-system/teleop/install/drone-teleop', 'merge_install': False, 'path': '/home/el-system/teleop/src/drone-teleop', 'symlink_install': False, 'test_result_base': None}
[0.349s] INFO:colcon.colcon_core.executor:Executing jobs using 'parallel' executor
[0.350s] DEBUG:colcon.colcon_parallel_executor.executor.parallel:run_until_complete
[0.350s] INFO:colcon.colcon_ros.task.ament_cmake.build:Building ROS package in '/home/el-system/teleop/src/drone-teleop' with build type 'ament_cmake'
[0.350s] INFO:colcon.colcon_cmake.task.cmake.build:Building CMake package in '/home/el-system/teleop/src/drone-teleop'
[0.353s] INFO:colcon.colcon_core.plugin_system:Skipping extension 'colcon_core.shell.bat': Not used on non-Windows systems
[0.353s] INFO:colcon.colcon_core.shell:Skip shell extension 'powershell' for command environment: Not usable outside of PowerShell
[0.353s] DEBUG:colcon.colcon_core.shell:Skip shell extension 'dsv' for command environment
[0.362s] DEBUG:colcon.colcon_core.event_handler.log_command:Invoking command in '/home/el-system/teleop/build/drone-teleop': CMAKE_PREFIX_PATH=${CMAKE_PREFIX_PATH}:/home/el-system/teleop/install/drone-teleop:/home/el-system/teleop_launch/install/drone_teleop:/opt/ros/foxy /usr/bin/cmake --build /home/el-system/teleop/build/drone-teleop -- -j12 -l12
[5.869s] DEBUG:colcon.colcon_core.event_handler.log_command:Invoked command in '/home/el-system/teleop/build/drone-teleop' returned '0': CMAKE_PREFIX_PATH=${CMAKE_PREFIX_PATH}:/home/el-system/teleop/install/drone-teleop:/home/el-system/teleop_launch/install/drone_teleop:/opt/ros/foxy /usr/bin/cmake --build /home/el-system/teleop/build/drone-teleop -- -j12 -l12
[5.883s] DEBUG:colcon.colcon_core.event_handler.log_command:Invoking command in '/home/el-system/teleop/build/drone-teleop': CMAKE_PREFIX_PATH=${CMAKE_PREFIX_PATH}:/home/el-system/teleop/install/drone-teleop:/home/el-system/teleop_launch/install/drone_teleop:/opt/ros/foxy /usr/bin/cmake --install /home/el-system/teleop/build/drone-teleop
[5.897s] Level 1:colcon.colcon_core.environment:create_environment_scripts_only(drone-teleop)
[5.898s] DEBUG:colcon.colcon_core.event_handler.log_command:Invoked command in '/home/el-system/teleop/build/drone-teleop' returned '0': CMAKE_PREFIX_PATH=${CMAKE_PREFIX_PATH}:/home/el-system/teleop/install/drone-teleop:/home/el-system/teleop_launch/install/drone_teleop:/opt/ros/foxy /usr/bin/cmake --install /home/el-system/teleop/build/drone-teleop
[5.899s] Level 1:colcon.colcon_core.environment:checking '/home/el-system/teleop/install/drone-teleop' for CMake module files
[5.900s] Level 1:colcon.colcon_core.environment:checking '/home/el-system/teleop/install/drone-teleop' for CMake config files
[5.900s] Level 1:colcon.colcon_core.shell:create_environment_hook('drone-teleop', 'cmake_prefix_path')
[5.900s] INFO:colcon.colcon_core.shell:Creating environment hook '/home/el-system/teleop/install/drone-teleop/share/drone-teleop/hook/cmake_prefix_path.ps1'
[5.900s] INFO:colcon.colcon_core.shell:Creating environment descriptor '/home/el-system/teleop/install/drone-teleop/share/drone-teleop/hook/cmake_prefix_path.dsv'
[5.901s] INFO:colcon.colcon_core.shell:Creating environment hook '/home/el-system/teleop/install/drone-teleop/share/drone-teleop/hook/cmake_prefix_path.sh'
[5.901s] Level 1:colcon.colcon_core.environment:checking '/home/el-system/teleop/install/drone-teleop/lib'
[5.901s] Level 1:colcon.colcon_core.environment:checking '/home/el-system/teleop/install/drone-teleop/bin'
[5.901s] Level 1:colcon.colcon_core.environment:checking '/home/el-system/teleop/install/drone-teleop/lib/pkgconfig/drone-teleop.pc'
[5.901s] Level 1:colcon.colcon_core.environment:checking '/home/el-system/teleop/install/drone-teleop/lib/python3.8/site-packages'
[5.902s] Level 1:colcon.colcon_core.environment:checking '/home/el-system/teleop/install/drone-teleop/bin'
[5.902s] INFO:colcon.colcon_core.shell:Creating package script '/home/el-system/teleop/install/drone-teleop/share/drone-teleop/package.ps1'
[5.902s] INFO:colcon.colcon_core.shell:Creating package descriptor '/home/el-system/teleop/install/drone-teleop/share/drone-teleop/package.dsv'
[5.903s] INFO:colcon.colcon_core.shell:Creating package script '/home/el-system/teleop/install/drone-teleop/share/drone-teleop/package.sh'
[5.903s] INFO:colcon.colcon_core.shell:Creating package script '/home/el-system/teleop/install/drone-teleop/share/drone-teleop/package.bash'
[5.904s] INFO:colcon.colcon_core.shell:Creating package script '/home/el-system/teleop/install/drone-teleop/share/drone-teleop/package.zsh'
[5.904s] Level 1:colcon.colcon_core.environment:create_file_with_runtime_dependencies(/home/el-system/teleop/install/drone-teleop/share/colcon-core/packages/drone-teleop)
[5.904s] Level 1:colcon.colcon_core.environment:create_environment_scripts_only(drone-teleop)
[5.905s] Level 1:colcon.colcon_core.environment:checking '/home/el-system/teleop/install/drone-teleop' for CMake module files
[5.905s] Level 1:colcon.colcon_core.environment:checking '/home/el-system/teleop/install/drone-teleop' for CMake config files
[5.905s] Level 1:colcon.colcon_core.shell:create_environment_hook('drone-teleop', 'cmake_prefix_path')
[5.905s] INFO:colcon.colcon_core.shell:Creating environment hook '/home/el-system/teleop/install/drone-teleop/share/drone-teleop/hook/cmake_prefix_path.ps1'
[5.905s] INFO:colcon.colcon_core.shell:Creating environment descriptor '/home/el-system/teleop/install/drone-teleop/share/drone-teleop/hook/cmake_prefix_path.dsv'
[5.906s] INFO:colcon.colcon_core.shell:Creating environment hook '/home/el-system/teleop/install/drone-teleop/share/drone-teleop/hook/cmake_prefix_path.sh'
[5.906s] Level 1:colcon.colcon_core.environment:checking '/home/el-system/teleop/install/drone-teleop/lib'
[5.906s] Level 1:colcon.colcon_core.environment:checking '/home/el-system/teleop/install/drone-teleop/bin'
[5.906s] Level 1:colcon.colcon_core.environment:checking '/home/el-system/teleop/install/drone-teleop/lib/pkgconfig/drone-teleop.pc'
[5.906s] Level 1:colcon.colcon_core.environment:checking '/home/el-system/teleop/install/drone-teleop/lib/python3.8/site-packages'
[5.906s] Level 1:colcon.colcon_core.environment:checking '/home/el-system/teleop/install/drone-teleop/bin'
[5.907s] INFO:colcon.colcon_core.shell:Creating package script '/home/el-system/teleop/install/drone-teleop/share/drone-teleop/package.ps1'
[5.907s] INFO:colcon.colcon_core.shell:Creating package descriptor '/home/el-system/teleop/install/drone-teleop/share/drone-teleop/package.dsv'
[5.907s] INFO:colcon.colcon_core.shell:Creating package script '/home/el-system/teleop/install/drone-teleop/share/drone-teleop/package.sh'
[5.908s] INFO:colcon.colcon_core.shell:Creating package script '/home/el-system/teleop/install/drone-teleop/share/drone-teleop/package.bash'
[5.908s] INFO:colcon.colcon_core.shell:Creating package script '/home/el-system/teleop/install/drone-teleop/share/drone-teleop/package.zsh'
[5.908s] Level 1:colcon.colcon_core.environment:create_file_with_runtime_dependencies(/home/el-system/teleop/install/drone-teleop/share/colcon-core/packages/drone-teleop)
[5.908s] DEBUG:colcon.colcon_parallel_executor.executor.parallel:closing loop
[5.908s] DEBUG:colcon.colcon_parallel_executor.executor.parallel:loop closed
[5.908s] DEBUG:colcon.colcon_parallel_executor.executor.parallel:run_until_complete finished with '0'
[5.909s] DEBUG:colcon.colcon_core.event_reactor:joining thread
[5.916s] INFO:colcon.colcon_core.plugin_system:Skipping extension 'colcon_notification.desktop_notification.terminal_notifier': Not used on non-Darwin systems
[5.916s] INFO:colcon.colcon_core.plugin_system:Skipping extension 'colcon_notification.desktop_notification.win32': Not used on non-Windows systems
[5.917s] INFO:colcon.colcon_notification.desktop_notification:Sending desktop notification using 'notify2'
[5.934s] DEBUG:colcon.colcon_core.event_reactor:joined thread
[5.935s] INFO:colcon.colcon_core.shell:Creating prefix script '/home/el-system/teleop/install/local_setup.ps1'
[5.937s] INFO:colcon.colcon_core.shell:Creating prefix util module '/home/el-system/teleop/install/_local_setup_util_ps1.py'
[5.939s] INFO:colcon.colcon_core.shell:Creating prefix chain script '/home/el-system/teleop/install/setup.ps1'
[5.941s] INFO:colcon.colcon_core.shell:Creating prefix script '/home/el-system/teleop/install/local_setup.sh'
[5.942s] INFO:colcon.colcon_core.shell:Creating prefix util module '/home/el-system/teleop/install/_local_setup_util_sh.py'
[5.943s] INFO:colcon.colcon_core.shell:Creating prefix chain script '/home/el-system/teleop/install/setup.sh'
[5.944s] INFO:colcon.colcon_core.shell:Creating prefix script '/home/el-system/teleop/install/local_setup.bash'
[5.945s] INFO:colcon.colcon_core.shell:Creating prefix chain script '/home/el-system/teleop/install/setup.bash'
[5.947s] INFO:colcon.colcon_core.shell:Creating prefix script '/home/el-system/teleop/install/local_setup.zsh'
[5.947s] INFO:colcon.colcon_core.shell:Creating prefix chain script '/home/el-system/teleop/install/setup.zsh'
