[0.008s] Invoking command in '/home/el-system/teleop/build/drone-teleop': CMAKE_PREFIX_PATH=${CMAKE_PREFIX_PATH}:/opt/ros/foxy /usr/bin/cmake --build /home/el-system/teleop/build/drone-teleop -- -j12 -l12
[0.025s] -- Found ament_cmake: 0.9.12 (/opt/ros/foxy/share/ament_cmake/cmake)
[0.042s] -- Using PYTHON_EXECUTABLE: /usr/bin/python3
[0.159s] -- Found rclcpp: 2.4.3 (/opt/ros/foxy/share/rclcpp/cmake)
[0.182s] -- Using all available rosidl_typesupport_c: rosidl_typesupport_fastrtps_c;rosidl_typesupport_introspection_c
[0.184s] -- Found rosidl_adapter: 1.3.1 (/opt/ros/foxy/share/rosidl_adapter/cmake)
[0.264s] -- Using all available rosidl_typesupport_cpp: rosidl_typesupport_fastrtps_cpp;rosidl_typesupport_introspection_cpp
[0.296s] -- Found rmw_implementation_cmake: 1.0.4 (/opt/ros/foxy/share/rmw_implementation_cmake/cmake)
[0.297s] -- Using RMW implementation 'rmw_fastrtps_cpp' as default
[0.393s] -- Found geometry_msgs: 2.0.5 (/opt/ros/foxy/share/geometry_msgs/cmake)
[0.414s] -- Found mavros_msgs: 2.4.0 (/opt/ros/foxy/share/mavros_msgs/cmake)
[0.743s] -- Found ament_lint_auto: 0.9.8 (/opt/ros/foxy/share/ament_lint_auto/cmake)
[0.784s] -- Added test 'copyright' to check source files copyright and LICENSE
[0.784s] -- Added test 'cppcheck' to perform static code analysis on C / C++ code
[0.784s] -- Configured cppcheck include dirs: 
[0.785s] -- Configured cppcheck exclude dirs and/or files: 
[0.785s] -- Added test 'cpplint' to check C / C++ code against the Google style
[0.785s] -- Configured cpplint exclude dirs and/or files: 
[0.785s] -- Added test 'lint_cmake' to check CMake code style
[0.786s] -- Added test 'uncrustify' to check C / C++ code style
[0.786s] -- Configured uncrustify additional arguments: 
[0.786s] -- Added test 'xmllint' to check XML markup files
[0.787s] -- Configuring done
[0.794s] -- Generating done
[0.796s] -- Build files have been written to: /home/el-system/teleop/build/drone-teleop
[0.826s] [ 50%] [32m[1mLinking CXX executable control[0m
[1.021s] [100%] Built target control
[1.033s] Invoked command in '/home/el-system/teleop/build/drone-teleop' returned '0': CMAKE_PREFIX_PATH=${CMAKE_PREFIX_PATH}:/opt/ros/foxy /usr/bin/cmake --build /home/el-system/teleop/build/drone-teleop -- -j12 -l12
[1.042s] Invoking command in '/home/el-system/teleop/build/drone-teleop': CMAKE_PREFIX_PATH=${CMAKE_PREFIX_PATH}:/opt/ros/foxy /usr/bin/cmake --install /home/el-system/teleop/build/drone-teleop
[1.047s] -- Install configuration: ""
[1.047s] -- Installing: /home/el-system/teleop/install/drone-teleop/lib/drone-teleop/control
[1.048s] -- Set runtime path of "/home/el-system/teleop/install/drone-teleop/lib/drone-teleop/control" to ""
[1.049s] -- Up-to-date: /home/el-system/teleop/install/drone-teleop/share/ament_index/resource_index/package_run_dependencies/drone-teleop
[1.049s] -- Up-to-date: /home/el-system/teleop/install/drone-teleop/share/ament_index/resource_index/parent_prefix_path/drone-teleop
[1.049s] -- Up-to-date: /home/el-system/teleop/install/drone-teleop/share/drone-teleop/environment/ament_prefix_path.sh
[1.049s] -- Installing: /home/el-system/teleop/install/drone-teleop/share/drone-teleop/environment/ament_prefix_path.dsv
[1.049s] -- Up-to-date: /home/el-system/teleop/install/drone-teleop/share/drone-teleop/environment/path.sh
[1.049s] -- Installing: /home/el-system/teleop/install/drone-teleop/share/drone-teleop/environment/path.dsv
[1.049s] -- Up-to-date: /home/el-system/teleop/install/drone-teleop/share/drone-teleop/local_setup.bash
[1.050s] -- Up-to-date: /home/el-system/teleop/install/drone-teleop/share/drone-teleop/local_setup.sh
[1.050s] -- Up-to-date: /home/el-system/teleop/install/drone-teleop/share/drone-teleop/local_setup.zsh
[1.050s] -- Installing: /home/el-system/teleop/install/drone-teleop/share/drone-teleop/local_setup.dsv
[1.050s] -- Installing: /home/el-system/teleop/install/drone-teleop/share/drone-teleop/package.dsv
[1.050s] -- Up-to-date: /home/el-system/teleop/install/drone-teleop/share/ament_index/resource_index/packages/drone-teleop
[1.050s] -- Up-to-date: /home/el-system/teleop/install/drone-teleop/share/drone-teleop/cmake/drone-teleopConfig.cmake
[1.050s] -- Up-to-date: /home/el-system/teleop/install/drone-teleop/share/drone-teleop/cmake/drone-teleopConfig-version.cmake
[1.050s] -- Up-to-date: /home/el-system/teleop/install/drone-teleop/share/drone-teleop/package.xml
[1.051s] Invoked command in '/home/el-system/teleop/build/drone-teleop' returned '0': CMAKE_PREFIX_PATH=${CMAKE_PREFIX_PATH}:/opt/ros/foxy /usr/bin/cmake --install /home/el-system/teleop/build/drone-teleop
