[0.012s] Invoking command in '/home/el-system/teleop/build/drone-teleop': CMAKE_PREFIX_PATH=${CMAKE_PREFIX_PATH}:/home/el-system/teleop_launch/install/drone_teleop:/opt/ros/foxy /usr/bin/cmake --build /home/el-system/teleop/build/drone-teleop -- -j12 -l12
[0.042s] [35m[1mScanning dependencies of target control[0m
[0.060s] [ 50%] [32mBuilding CXX object CMakeFiles/control.dir/src/control.cpp.o[0m
[4.625s] [100%] [32m[1mLinking CXX executable control[0m
[4.838s] [100%] Built target control
[4.848s] Invoked command in '/home/el-system/teleop/build/drone-teleop' returned '0': CMAKE_PREFIX_PATH=${CMAKE_PREFIX_PATH}:/home/el-system/teleop_launch/install/drone_teleop:/opt/ros/foxy /usr/bin/cmake --build /home/el-system/teleop/build/drone-teleop -- -j12 -l12
[4.859s] Invoking command in '/home/el-system/teleop/build/drone-teleop': CMAKE_PREFIX_PATH=${CMAKE_PREFIX_PATH}:/home/el-system/teleop_launch/install/drone_teleop:/opt/ros/foxy /usr/bin/cmake --install /home/el-system/teleop/build/drone-teleop
[4.865s] -- Install configuration: ""
[4.865s] -- Installing: /home/el-system/teleop/install/drone-teleop/lib/drone-teleop/control
[4.867s] -- Set runtime path of "/home/el-system/teleop/install/drone-teleop/lib/drone-teleop/control" to ""
[4.867s] -- Up-to-date: /home/el-system/teleop/install/drone-teleop/share/ament_index/resource_index/package_run_dependencies/drone-teleop
[4.867s] -- Up-to-date: /home/el-system/teleop/install/drone-teleop/share/ament_index/resource_index/parent_prefix_path/drone-teleop
[4.867s] -- Up-to-date: /home/el-system/teleop/install/drone-teleop/share/drone-teleop/environment/ament_prefix_path.sh
[4.867s] -- Up-to-date: /home/el-system/teleop/install/drone-teleop/share/drone-teleop/environment/ament_prefix_path.dsv
[4.867s] -- Up-to-date: /home/el-system/teleop/install/drone-teleop/share/drone-teleop/environment/path.sh
[4.868s] -- Up-to-date: /home/el-system/teleop/install/drone-teleop/share/drone-teleop/environment/path.dsv
[4.868s] -- Up-to-date: /home/el-system/teleop/install/drone-teleop/share/drone-teleop/local_setup.bash
[4.868s] -- Up-to-date: /home/el-system/teleop/install/drone-teleop/share/drone-teleop/local_setup.sh
[4.868s] -- Up-to-date: /home/el-system/teleop/install/drone-teleop/share/drone-teleop/local_setup.zsh
[4.868s] -- Up-to-date: /home/el-system/teleop/install/drone-teleop/share/drone-teleop/local_setup.dsv
[4.868s] -- Installing: /home/el-system/teleop/install/drone-teleop/share/drone-teleop/package.dsv
[4.869s] -- Up-to-date: /home/el-system/teleop/install/drone-teleop/share/ament_index/resource_index/packages/drone-teleop
[4.869s] -- Up-to-date: /home/el-system/teleop/install/drone-teleop/share/drone-teleop/cmake/drone-teleopConfig.cmake
[4.869s] -- Up-to-date: /home/el-system/teleop/install/drone-teleop/share/drone-teleop/cmake/drone-teleopConfig-version.cmake
[4.869s] -- Up-to-date: /home/el-system/teleop/install/drone-teleop/share/drone-teleop/package.xml
[4.871s] Invoked command in '/home/el-system/teleop/build/drone-teleop' returned '0': CMAKE_PREFIX_PATH=${CMAKE_PREFIX_PATH}:/home/el-system/teleop_launch/install/drone_teleop:/opt/ros/foxy /usr/bin/cmake --install /home/el-system/teleop/build/drone-teleop
