[0.129s] DEBUG:colcon:Command line arguments: ['/usr/bin/colcon', 'build']
[0.129s] DEBUG:colcon:Parsed command line arguments: Namespace(allow_overriding=[], ament_cmake_args=None, base_paths=['.'], build_base='build', catkin_cmake_args=None, catkin_skip_building_tests=False, cmake_args=None, cmake_clean_cache=False, cmake_clean_first=False, cmake_force_configure=False, cmake_target=None, cmake_target_skip_unavailable=False, continue_on_error=False, event_handlers=None, executor='parallel', ignore_user_meta=False, install_base='install', log_base=None, log_level=None, main=<bound method BuildVerb.main of <colcon_core.verb.build.BuildVerb object at 0x7f962d38eaf0>>, merge_install=False, metas=['./colcon.meta'], mixin=None, mixin_files=None, mixin_verb=('build',), packages_above=None, packages_above_and_dependencies=None, packages_above_depth=None, packages_end=None, packages_ignore=None, packages_ignore_regex=None, packages_select=None, packages_select_build_failed=False, packages_select_by_dep=None, packages_select_regex=None, packages_select_test_failures=False, packages_skip=None, packages_skip_build_finished=False, packages_skip_by_dep=None, packages_skip_regex=None, packages_skip_test_passed=False, packages_skip_up_to=None, packages_start=None, packages_up_to=None, packages_up_to_regex=None, parallel_workers=12, paths=None, symlink_install=False, test_result_base=None, verb_extension=<colcon_core.verb.build.BuildVerb object at 0x7f962d38eaf0>, verb_name='build', verb_parser=<colcon_mixin.mixin.mixin_argument.MixinArgumentDecorator object at 0x7f962d26f190>)
[0.160s] Level 1:colcon.colcon_core.package_discovery:discover_packages(colcon_meta) check parameters
[0.160s] Level 1:colcon.colcon_core.package_discovery:discover_packages(recursive) check parameters
[0.160s] Level 1:colcon.colcon_core.package_discovery:discover_packages(ignore) check parameters
[0.160s] Level 1:colcon.colcon_core.package_discovery:discover_packages(path) check parameters
[0.160s] Level 1:colcon.colcon_core.package_discovery:discover_packages(colcon_meta) discover
[0.161s] Level 1:colcon.colcon_core.package_discovery:discover_packages(recursive) discover
[0.161s] INFO:colcon.colcon_core.package_discovery:Crawling recursively for packages in '/home/el-system/teleop'
[0.161s] Level 1:colcon.colcon_core.package_identification:_identify(.) by extensions ['ignore', 'ignore_ament_install']
[0.161s] Level 1:colcon.colcon_core.package_identification:_identify(.) by extension 'ignore'
[0.161s] Level 1:colcon.colcon_core.package_identification:_identify(.) by extension 'ignore_ament_install'
[0.161s] Level 1:colcon.colcon_core.package_identification:_identify(.) by extensions ['colcon_pkg']
[0.161s] Level 1:colcon.colcon_core.package_identification:_identify(.) by extension 'colcon_pkg'
[0.161s] Level 1:colcon.colcon_core.package_identification:_identify(.) by extensions ['colcon_meta']
[0.161s] Level 1:colcon.colcon_core.package_identification:_identify(.) by extension 'colcon_meta'
[0.161s] Level 1:colcon.colcon_core.package_identification:_identify(.) by extensions ['ros']
[0.161s] Level 1:colcon.colcon_core.package_identification:_identify(.) by extension 'ros'
[0.170s] Level 1:colcon.colcon_core.package_identification:_identify(.) by extensions ['cmake', 'python']
[0.171s] Level 1:colcon.colcon_core.package_identification:_identify(.) by extension 'cmake'
[0.171s] Level 1:colcon.colcon_core.package_identification:_identify(.) by extension 'python'
[0.171s] Level 1:colcon.colcon_core.package_identification:_identify(.) by extensions ['python_setup_py']
[0.171s] Level 1:colcon.colcon_core.package_identification:_identify(.) by extension 'python_setup_py'
[0.171s] Level 1:colcon.colcon_core.package_identification:_identify(build) by extensions ['ignore', 'ignore_ament_install']
[0.171s] Level 1:colcon.colcon_core.package_identification:_identify(build) by extension 'ignore'
[0.171s] Level 1:colcon.colcon_core.package_identification:_identify(build) ignored
[0.171s] Level 1:colcon.colcon_core.package_identification:_identify(install) by extensions ['ignore', 'ignore_ament_install']
[0.171s] Level 1:colcon.colcon_core.package_identification:_identify(install) by extension 'ignore'
[0.171s] Level 1:colcon.colcon_core.package_identification:_identify(install) ignored
[0.171s] Level 1:colcon.colcon_core.package_identification:_identify(log) by extensions ['ignore', 'ignore_ament_install']
[0.171s] Level 1:colcon.colcon_core.package_identification:_identify(log) by extension 'ignore'
[0.171s] Level 1:colcon.colcon_core.package_identification:_identify(log) ignored
[0.171s] Level 1:colcon.colcon_core.package_identification:_identify(src) by extensions ['ignore', 'ignore_ament_install']
[0.171s] Level 1:colcon.colcon_core.package_identification:_identify(src) by extension 'ignore'
[0.171s] Level 1:colcon.colcon_core.package_identification:_identify(src) by extension 'ignore_ament_install'
[0.171s] Level 1:colcon.colcon_core.package_identification:_identify(src) by extensions ['colcon_pkg']
[0.171s] Level 1:colcon.colcon_core.package_identification:_identify(src) by extension 'colcon_pkg'
[0.171s] Level 1:colcon.colcon_core.package_identification:_identify(src) by extensions ['colcon_meta']
[0.171s] Level 1:colcon.colcon_core.package_identification:_identify(src) by extension 'colcon_meta'
[0.171s] Level 1:colcon.colcon_core.package_identification:_identify(src) by extensions ['ros']
[0.171s] Level 1:colcon.colcon_core.package_identification:_identify(src) by extension 'ros'
[0.171s] Level 1:colcon.colcon_core.package_identification:_identify(src) by extensions ['cmake', 'python']
[0.171s] Level 1:colcon.colcon_core.package_identification:_identify(src) by extension 'cmake'
[0.171s] Level 1:colcon.colcon_core.package_identification:_identify(src) by extension 'python'
[0.171s] Level 1:colcon.colcon_core.package_identification:_identify(src) by extensions ['python_setup_py']
[0.171s] Level 1:colcon.colcon_core.package_identification:_identify(src) by extension 'python_setup_py'
[0.171s] Level 1:colcon.colcon_core.package_identification:_identify(src/drone-teleop) by extensions ['ignore', 'ignore_ament_install']
[0.171s] Level 1:colcon.colcon_core.package_identification:_identify(src/drone-teleop) by extension 'ignore'
[0.172s] Level 1:colcon.colcon_core.package_identification:_identify(src/drone-teleop) by extension 'ignore_ament_install'
[0.172s] Level 1:colcon.colcon_core.package_identification:_identify(src/drone-teleop) by extensions ['colcon_pkg']
[0.172s] Level 1:colcon.colcon_core.package_identification:_identify(src/drone-teleop) by extension 'colcon_pkg'
[0.172s] Level 1:colcon.colcon_core.package_identification:_identify(src/drone-teleop) by extensions ['colcon_meta']
[0.172s] Level 1:colcon.colcon_core.package_identification:_identify(src/drone-teleop) by extension 'colcon_meta'
[0.172s] Level 1:colcon.colcon_core.package_identification:_identify(src/drone-teleop) by extensions ['ros']
[0.172s] Level 1:colcon.colcon_core.package_identification:_identify(src/drone-teleop) by extension 'ros'
[0.173s] DEBUG:colcon.colcon_core.package_identification:Package 'src/drone-teleop' with type 'ros.ament_cmake' and name 'drone-teleop'
[0.173s] Level 1:colcon.colcon_core.package_discovery:discover_packages(recursive) using defaults
[0.173s] Level 1:colcon.colcon_core.package_discovery:discover_packages(ignore) discover
[0.173s] Level 1:colcon.colcon_core.package_discovery:discover_packages(ignore) using defaults
[0.173s] Level 1:colcon.colcon_core.package_discovery:discover_packages(path) discover
[0.173s] Level 1:colcon.colcon_core.package_discovery:discover_packages(path) using defaults
[0.185s] Level 1:colcon.colcon_core.package_discovery:discover_packages(prefix_path) check parameters
[0.185s] Level 1:colcon.colcon_core.package_discovery:discover_packages(prefix_path) discover
[0.187s] DEBUG:colcon.colcon_installed_package_information.package_discovery:Found 270 installed packages in /opt/ros/foxy
[0.188s] Level 1:colcon.colcon_core.package_discovery:discover_packages(prefix_path) using defaults
[0.214s] Level 5:colcon.colcon_core.verb:set package 'drone-teleop' build argument 'cmake_args' from command line to 'None'
[0.214s] Level 5:colcon.colcon_core.verb:set package 'drone-teleop' build argument 'cmake_target' from command line to 'None'
[0.214s] Level 5:colcon.colcon_core.verb:set package 'drone-teleop' build argument 'cmake_target_skip_unavailable' from command line to 'False'
[0.214s] Level 5:colcon.colcon_core.verb:set package 'drone-teleop' build argument 'cmake_clean_cache' from command line to 'False'
[0.214s] Level 5:colcon.colcon_core.verb:set package 'drone-teleop' build argument 'cmake_clean_first' from command line to 'False'
[0.214s] Level 5:colcon.colcon_core.verb:set package 'drone-teleop' build argument 'cmake_force_configure' from command line to 'False'
[0.214s] Level 5:colcon.colcon_core.verb:set package 'drone-teleop' build argument 'ament_cmake_args' from command line to 'None'
[0.214s] Level 5:colcon.colcon_core.verb:set package 'drone-teleop' build argument 'catkin_cmake_args' from command line to 'None'
[0.214s] Level 5:colcon.colcon_core.verb:set package 'drone-teleop' build argument 'catkin_skip_building_tests' from command line to 'False'
[0.214s] DEBUG:colcon.colcon_core.verb:Building package 'drone-teleop' with the following arguments: {'ament_cmake_args': None, 'build_base': '/home/el-system/teleop/build/drone-teleop', 'catkin_cmake_args': None, 'catkin_skip_building_tests': False, 'cmake_args': None, 'cmake_clean_cache': False, 'cmake_clean_first': False, 'cmake_force_configure': False, 'cmake_target': None, 'cmake_target_skip_unavailable': False, 'install_base': '/home/el-system/teleop/install/drone-teleop', 'merge_install': False, 'path': '/home/el-system/teleop/src/drone-teleop', 'symlink_install': False, 'test_result_base': None}
[0.215s] INFO:colcon.colcon_core.executor:Executing jobs using 'parallel' executor
[0.216s] DEBUG:colcon.colcon_parallel_executor.executor.parallel:run_until_complete
[0.216s] INFO:colcon.colcon_ros.task.ament_cmake.build:Building ROS package in '/home/el-system/teleop/src/drone-teleop' with build type 'ament_cmake'
[0.216s] INFO:colcon.colcon_cmake.task.cmake.build:Building CMake package in '/home/el-system/teleop/src/drone-teleop'
[0.217s] INFO:colcon.colcon_core.plugin_system:Skipping extension 'colcon_core.shell.bat': Not used on non-Windows systems
[0.217s] INFO:colcon.colcon_core.shell:Skip shell extension 'powershell' for command environment: Not usable outside of PowerShell
[0.217s] DEBUG:colcon.colcon_core.shell:Skip shell extension 'dsv' for command environment
[0.224s] DEBUG:colcon.colcon_core.event_handler.log_command:Invoking command in '/home/el-system/teleop/build/drone-teleop': CMAKE_PREFIX_PATH=/opt/ros/foxy /usr/bin/cmake /home/el-system/teleop/src/drone-teleop -DCMAKE_INSTALL_PREFIX=/home/el-system/teleop/install/drone-teleop
[1.574s] DEBUG:colcon.colcon_core.event_handler.log_command:Invoked command in '/home/el-system/teleop/build/drone-teleop' returned '0': CMAKE_PREFIX_PATH=/opt/ros/foxy /usr/bin/cmake /home/el-system/teleop/src/drone-teleop -DCMAKE_INSTALL_PREFIX=/home/el-system/teleop/install/drone-teleop
[1.577s] DEBUG:colcon.colcon_core.event_handler.log_command:Invoking command in '/home/el-system/teleop/build/drone-teleop': CMAKE_PREFIX_PATH=/opt/ros/foxy /usr/bin/cmake --build /home/el-system/teleop/build/drone-teleop -- -j12 -l12
[6.067s] DEBUG:colcon.colcon_core.event_handler.log_command:Invoked command in '/home/el-system/teleop/build/drone-teleop' returned '0': CMAKE_PREFIX_PATH=/opt/ros/foxy /usr/bin/cmake --build /home/el-system/teleop/build/drone-teleop -- -j12 -l12
[6.081s] DEBUG:colcon.colcon_core.event_handler.log_command:Invoking command in '/home/el-system/teleop/build/drone-teleop': CMAKE_PREFIX_PATH=/opt/ros/foxy /usr/bin/cmake --install /home/el-system/teleop/build/drone-teleop
[6.089s] Level 1:colcon.colcon_core.environment:create_environment_scripts_only(drone-teleop)
[6.090s] DEBUG:colcon.colcon_core.event_handler.log_command:Invoked command in '/home/el-system/teleop/build/drone-teleop' returned '0': CMAKE_PREFIX_PATH=/opt/ros/foxy /usr/bin/cmake --install /home/el-system/teleop/build/drone-teleop
[6.092s] Level 1:colcon.colcon_core.environment:checking '/home/el-system/teleop/install/drone-teleop' for CMake module files
[6.092s] Level 1:colcon.colcon_core.environment:checking '/home/el-system/teleop/install/drone-teleop' for CMake config files
[6.092s] Level 1:colcon.colcon_core.shell:create_environment_hook('drone-teleop', 'cmake_prefix_path')
[6.092s] INFO:colcon.colcon_core.shell:Creating environment hook '/home/el-system/teleop/install/drone-teleop/share/drone-teleop/hook/cmake_prefix_path.ps1'
[6.093s] INFO:colcon.colcon_core.shell:Creating environment descriptor '/home/el-system/teleop/install/drone-teleop/share/drone-teleop/hook/cmake_prefix_path.dsv'
[6.093s] INFO:colcon.colcon_core.shell:Creating environment hook '/home/el-system/teleop/install/drone-teleop/share/drone-teleop/hook/cmake_prefix_path.sh'
[6.094s] Level 1:colcon.colcon_core.environment:checking '/home/el-system/teleop/install/drone-teleop/bin'
[6.094s] Level 1:colcon.colcon_core.environment:checking '/home/el-system/teleop/install/drone-teleop/lib/pkgconfig/drone-teleop.pc'
[6.094s] Level 1:colcon.colcon_core.environment:checking '/home/el-system/teleop/install/drone-teleop/lib/python3.8/site-packages'
[6.094s] Level 1:colcon.colcon_core.environment:checking '/home/el-system/teleop/install/drone-teleop/bin'
[6.094s] INFO:colcon.colcon_core.shell:Creating package script '/home/el-system/teleop/install/drone-teleop/share/drone-teleop/package.ps1'
[6.095s] INFO:colcon.colcon_core.shell:Creating package descriptor '/home/el-system/teleop/install/drone-teleop/share/drone-teleop/package.dsv'
[6.096s] INFO:colcon.colcon_core.shell:Creating package script '/home/el-system/teleop/install/drone-teleop/share/drone-teleop/package.sh'
[6.096s] INFO:colcon.colcon_core.shell:Creating package script '/home/el-system/teleop/install/drone-teleop/share/drone-teleop/package.bash'
[6.097s] INFO:colcon.colcon_core.shell:Creating package script '/home/el-system/teleop/install/drone-teleop/share/drone-teleop/package.zsh'
[6.098s] Level 1:colcon.colcon_core.environment:create_file_with_runtime_dependencies(/home/el-system/teleop/install/drone-teleop/share/colcon-core/packages/drone-teleop)
[6.099s] Level 1:colcon.colcon_core.environment:create_environment_scripts_only(drone-teleop)
[6.099s] Level 1:colcon.colcon_core.environment:checking '/home/el-system/teleop/install/drone-teleop' for CMake module files
[6.100s] Level 1:colcon.colcon_core.environment:checking '/home/el-system/teleop/install/drone-teleop' for CMake config files
[6.100s] Level 1:colcon.colcon_core.shell:create_environment_hook('drone-teleop', 'cmake_prefix_path')
[6.100s] INFO:colcon.colcon_core.shell:Creating environment hook '/home/el-system/teleop/install/drone-teleop/share/drone-teleop/hook/cmake_prefix_path.ps1'
[6.101s] INFO:colcon.colcon_core.shell:Creating environment descriptor '/home/el-system/teleop/install/drone-teleop/share/drone-teleop/hook/cmake_prefix_path.dsv'
[6.101s] INFO:colcon.colcon_core.shell:Creating environment hook '/home/el-system/teleop/install/drone-teleop/share/drone-teleop/hook/cmake_prefix_path.sh'
[6.102s] Level 1:colcon.colcon_core.environment:checking '/home/el-system/teleop/install/drone-teleop/bin'
[6.102s] Level 1:colcon.colcon_core.environment:checking '/home/el-system/teleop/install/drone-teleop/lib/pkgconfig/drone-teleop.pc'
[6.102s] Level 1:colcon.colcon_core.environment:checking '/home/el-system/teleop/install/drone-teleop/lib/python3.8/site-packages'
[6.103s] Level 1:colcon.colcon_core.environment:checking '/home/el-system/teleop/install/drone-teleop/bin'
[6.103s] INFO:colcon.colcon_core.shell:Creating package script '/home/el-system/teleop/install/drone-teleop/share/drone-teleop/package.ps1'
[6.104s] INFO:colcon.colcon_core.shell:Creating package descriptor '/home/el-system/teleop/install/drone-teleop/share/drone-teleop/package.dsv'
[6.104s] INFO:colcon.colcon_core.shell:Creating package script '/home/el-system/teleop/install/drone-teleop/share/drone-teleop/package.sh'
[6.105s] INFO:colcon.colcon_core.shell:Creating package script '/home/el-system/teleop/install/drone-teleop/share/drone-teleop/package.bash'
[6.105s] INFO:colcon.colcon_core.shell:Creating package script '/home/el-system/teleop/install/drone-teleop/share/drone-teleop/package.zsh'
[6.106s] Level 1:colcon.colcon_core.environment:create_file_with_runtime_dependencies(/home/el-system/teleop/install/drone-teleop/share/colcon-core/packages/drone-teleop)
[6.106s] DEBUG:colcon.colcon_parallel_executor.executor.parallel:closing loop
[6.107s] DEBUG:colcon.colcon_parallel_executor.executor.parallel:loop closed
[6.107s] DEBUG:colcon.colcon_parallel_executor.executor.parallel:run_until_complete finished with '0'
[6.107s] DEBUG:colcon.colcon_core.event_reactor:joining thread
[6.126s] INFO:colcon.colcon_core.plugin_system:Skipping extension 'colcon_notification.desktop_notification.terminal_notifier': Not used on non-Darwin systems
[6.126s] INFO:colcon.colcon_core.plugin_system:Skipping extension 'colcon_notification.desktop_notification.win32': Not used on non-Windows systems
[6.127s] INFO:colcon.colcon_notification.desktop_notification:Sending desktop notification using 'notify2'
[6.147s] DEBUG:colcon.colcon_core.event_reactor:joined thread
[6.147s] INFO:colcon.colcon_core.shell:Creating prefix script '/home/el-system/teleop/install/local_setup.ps1'
[6.148s] INFO:colcon.colcon_core.shell:Creating prefix util module '/home/el-system/teleop/install/_local_setup_util_ps1.py'
[6.149s] INFO:colcon.colcon_core.shell:Creating prefix chain script '/home/el-system/teleop/install/setup.ps1'
[6.149s] INFO:colcon.colcon_core.shell:Creating prefix script '/home/el-system/teleop/install/local_setup.sh'
[6.150s] INFO:colcon.colcon_core.shell:Creating prefix util module '/home/el-system/teleop/install/_local_setup_util_sh.py'
[6.150s] INFO:colcon.colcon_core.shell:Creating prefix chain script '/home/el-system/teleop/install/setup.sh'
[6.151s] INFO:colcon.colcon_core.shell:Creating prefix script '/home/el-system/teleop/install/local_setup.bash'
[6.151s] INFO:colcon.colcon_core.shell:Creating prefix chain script '/home/el-system/teleop/install/setup.bash'
[6.151s] INFO:colcon.colcon_core.shell:Creating prefix script '/home/el-system/teleop/install/local_setup.zsh'
[6.152s] INFO:colcon.colcon_core.shell:Creating prefix chain script '/home/el-system/teleop/install/setup.zsh'
